# JRE version: OpenJDK Runtime Environment (17.0.9) (build 17.0.9+0--11185874)
# Java VM: OpenJDK 64-Bit Server VM (17.0.9+0--11185874, mixed mode, tiered, compressed oops, compressed class ptrs, g1 gc, windows-amd64)
GC Precious Log:
 CPUs: 4 total, 4 available
 Memory: 16332M
 Large Page Support: Disabled
 NUMA Support: Disabled
 Compressed Oops: Enabled (32-bit)
 Heap Region Size: 1M
 Heap Min Capacity: 8M
 Heap Initial Capacity: 256M
 Heap Max Capacity: 2G
 Pre-touch: Disabled
 Parallel Workers: 4
 Concurrent Workers: 1
 Concurrent Refinement Workers: 4
 Periodic GC: Disabled
Heap:
 garbage-first heap   total 281600K, used 217047K [0x0000000080000000, 0x0000000100000000)
  region size 1024K, 63 young (64512K), 8 survivors (8192K)
 Metaspace       used 136947K, committed 137792K, reserved 1179648K
  class space    used 18750K, committed 19136K, reserved 1048576K
GC Heap History (20 events):
Event: 24.333 GC heap before
{Heap before GC invocations=30 (full 0):
 garbage-first heap   total 234496K, used 180222K [0x0000000080000000, 0x0000000100000000)
  region size 1024K, 63 young (64512K), 12 survivors (12288K)
 Metaspace       used 102089K, committed 102784K, reserved 1179648K
  class space    used 13951K, committed 14272K, reserved 1048576K
}
Event: 24.357 GC heap after
{Heap after GC invocations=31 (full 0):
 garbage-first heap   total 234496K, used 118272K [0x0000000080000000, 0x0000000100000000)
  region size 1024K, 5 young (5120K), 5 survivors (5120K)
 Metaspace       used 102089K, committed 102784K, reserved 1179648K
  class space    used 13951K, committed 14272K, reserved 1048576K
}
Event: 24.439 GC heap before
{Heap before GC invocations=31 (full 0):
 garbage-first heap   total 234496K, used 123392K [0x0000000080000000, 0x0000000100000000)
  region size 1024K, 11 young (11264K), 5 survivors (5120K)
 Metaspace       used 102116K, committed 102784K, reserved 1179648K
  class space    used 13951K, committed 14272K, reserved 1048576K
}
Event: 24.446 GC heap after
{Heap after GC invocations=32 (full 0):
 garbage-first heap   total 234496K, used 117076K [0x0000000080000000, 0x0000000100000000)
  region size 1024K, 2 young (2048K), 2 survivors (2048K)
 Metaspace       used 102116K, committed 102784K, reserved 1179648K
  class space    used 13951K, committed 14272K, reserved 1048576K
}
Event: 25.331 GC heap before
{Heap before GC invocations=32 (full 0):
 garbage-first heap   total 234496K, used 177492K [0x0000000080000000, 0x0000000100000000)
  region size 1024K, 62 young (63488K), 2 survivors (2048K)
 Metaspace       used 103417K, committed 104192K, reserved 1179648K
  class space    used 14111K, committed 14528K, reserved 1048576K
}
Event: 25.347 GC heap after
{Heap after GC invocations=33 (full 0):
 garbage-first heap   total 234496K, used 122368K [0x0000000080000000, 0x0000000100000000)
  region size 1024K, 7 young (7168K), 7 survivors (7168K)
 Metaspace       used 103417K, committed 104192K, reserved 1179648K
  class space    used 14111K, committed 14528K, reserved 1048576K
}
Event: 26.140 GC heap before
{Heap before GC invocations=34 (full 0):
 garbage-first heap   total 234496K, used 161280K [0x0000000080000000, 0x0000000100000000)
  region size 1024K, 65 young (66560K), 7 survivors (7168K)
 Metaspace       used 103935K, committed 104768K, reserved 1179648K
  class space    used 14173K, committed 14592K, reserved 1048576K
}
Event: 26.154 GC heap after
{Heap after GC invocations=35 (full 0):
 garbage-first heap   total 234496K, used 107435K [0x0000000080000000, 0x0000000100000000)
  region size 1024K, 7 young (7168K), 7 survivors (7168K)
 Metaspace       used 103935K, committed 104768K, reserved 1179648K
  class space    used 14173K, committed 14592K, reserved 1048576K
}
Event: 26.212 GC heap before
{Heap before GC invocations=35 (full 0):
 garbage-first heap   total 234496K, used 111531K [0x0000000080000000, 0x0000000100000000)
  region size 1024K, 11 young (11264K), 7 survivors (7168K)
 Metaspace       used 104024K, committed 104832K, reserved 1179648K
  class space    used 14185K, committed 14592K, reserved 1048576K
}
Event: 26.223 GC heap after
{Heap after GC invocations=36 (full 0):
 garbage-first heap   total 281600K, used 100988K [0x0000000080000000, 0x0000000100000000)
  region size 1024K, 1 young (1024K), 1 survivors (1024K)
 Metaspace       used 104024K, committed 104832K, reserved 1179648K
  class space    used 14185K, committed 14592K, reserved 1048576K
}
Event: 30.774 GC heap before
{Heap before GC invocations=36 (full 0):
 garbage-first heap   total 281600K, used 212604K [0x0000000080000000, 0x0000000100000000)
  region size 1024K, 111 young (113664K), 1 survivors (1024K)
 Metaspace       used 104772K, committed 105600K, reserved 1179648K
  class space    used 14271K, committed 14720K, reserved 1048576K
}
Event: 30.798 GC heap after
{Heap after GC invocations=37 (full 0):
 garbage-first heap   total 281600K, used 111323K [0x0000000080000000, 0x0000000100000000)
  region size 1024K, 12 young (12288K), 12 survivors (12288K)
 Metaspace       used 104772K, committed 105600K, reserved 1179648K
  class space    used 14271K, committed 14720K, reserved 1048576K
}
Event: 32.457 GC heap before
{Heap before GC invocations=37 (full 0):
 garbage-first heap   total 281600K, used 213723K [0x0000000080000000, 0x0000000100000000)
  region size 1024K, 113 young (115712K), 12 survivors (12288K)
 Metaspace       used 108509K, committed 109312K, reserved 1179648K
  class space    used 14755K, committed 15168K, reserved 1048576K
}
Event: 32.480 GC heap after
{Heap after GC invocations=38 (full 0):
 garbage-first heap   total 281600K, used 118808K [0x0000000080000000, 0x0000000100000000)
  region size 1024K, 12 young (12288K), 12 survivors (12288K)
 Metaspace       used 108509K, committed 109312K, reserved 1179648K
  class space    used 14755K, committed 15168K, reserved 1048576K
}
Event: 35.278 GC heap before
{Heap before GC invocations=38 (full 0):
 garbage-first heap   total 281600K, used 220184K [0x0000000080000000, 0x0000000100000000)
  region size 1024K, 108 young (110592K), 12 survivors (12288K)
 Metaspace       used 117123K, committed 117952K, reserved 1179648K
  class space    used 15692K, committed 16128K, reserved 1048576K
}
Event: 35.314 GC heap after
{Heap after GC invocations=39 (full 0):
 garbage-first heap   total 281600K, used 136468K [0x0000000080000000, 0x0000000100000000)
  region size 1024K, 14 young (14336K), 14 survivors (14336K)
 Metaspace       used 117123K, committed 117952K, reserved 1179648K
  class space    used 15692K, committed 16128K, reserved 1048576K
}
Event: 37.149 GC heap before
{Heap before GC invocations=39 (full 0):
 garbage-first heap   total 281600K, used 214292K [0x0000000080000000, 0x0000000100000000)
  region size 1024K, 91 young (93184K), 14 survivors (14336K)
 Metaspace       used 121266K, committed 122048K, reserved 1179648K
  class space    used 16200K, committed 16576K, reserved 1048576K
}
Event: 37.173 GC heap after
{Heap after GC invocations=40 (full 0):
 garbage-first heap   total 281600K, used 138711K [0x0000000080000000, 0x0000000100000000)
  region size 1024K, 7 young (7168K), 7 survivors (7168K)
 Metaspace       used 121266K, committed 122048K, reserved 1179648K
  class space    used 16200K, committed 16576K, reserved 1048576K
}
Event: 38.601 GC heap before
{Heap before GC invocations=40 (full 0):
 garbage-first heap   total 281600K, used 218583K [0x0000000080000000, 0x0000000100000000)
  region size 1024K, 86 young (88064K), 7 survivors (7168K)
 Metaspace       used 131537K, committed 132352K, reserved 1179648K
  class space    used 17802K, committed 18176K, reserved 1048576K
}
Event: 38.614 GC heap after
{Heap after GC invocations=41 (full 0):
 garbage-first heap   total 281600K, used 140247K [0x0000000080000000, 0x0000000100000000)
  region size 1024K, 8 young (8192K), 8 survivors (8192K)
 Metaspace       used 131537K, committed 132352K, reserved 1179648K
  class space    used 17802K, committed 18176K, reserved 1048576K
}

